Base path: /Applications/Unity/Unity.app/Contents
Pipe name: \\.\pipe\UnityShaderCompiler-1--1601310252
Cmd: getPlatforms
Cmd: preprocess
  insize=194 outsize=194 ok=1
Cmd: preprocess
  insize=977 outsize=438 ok=1
Cmd: compileSnippet
  api=0 type=0 insize=841 outsize=428 kw= ok=1
Cmd: compileSnippet
  api=0 type=1 insize=841 outsize=224 kw= ok=1
Cmd: preprocess
  insize=2274 outsize=1209 ok=1
Cmd: compileSnippet
  api=0 type=0 insize=1310 outsize=766 kw= ok=1
Cmd: compileSnippet
  api=0 type=1 insize=1310 outsize=518 kw= ok=1
Cmd: compileSnippet
  api=0 type=0 insize=1011 outsize=766 kw= ok=1
Cmd: preprocess
  insize=137 outsize=137 ok=1
Cmd: preprocess
  insize=1727 outsize=682 ok=1
Cmd: compileSnippet
  api=0 type=0 insize=1346 outsize=762 kw= ok=1
Cmd: compileSnippet
  api=0 type=1 insize=1346 outsize=442 kw= ok=1
